<?xml version="1.0" encoding="UTF-8"?>
<!-- Generated by org.testng.reporters.JUnitXMLReporter -->
<testsuite ignored="0" hostname="VIGNESH" failures="0" tests="3" name="Default test" time="41.738" errors="0" timestamp="2024-05-09T14:36:25 IST">
  <testcase classname="pizzahutscript.PizzaHut" name="locationSelection" time="33.076"/>
  <testcase classname="pizzahutscript.PizzaHut" name="addCart" time="3.98"/>
  <testcase classname="pizzahutscript.PizzaHut" name="checkout" time="2.061"/>
</testsuite> <!-- Default test -->
