<?xml version="1.0" encoding="UTF-8"?>
<testng-results ignored="0" total="1" passed="1" failed="0" skipped="0">
  <reporter-output>
  </reporter-output>
  <suite started-at="2024-12-24T14:47:41 IST" name="pizzahutsuite" finished-at="2024-12-24T14:47:54 IST" duration-ms="12823">
    <groups>
    </groups>
    <test started-at="2024-12-24T14:47:41 IST" name="PizzaHut" finished-at="2024-12-24T14:47:54 IST" duration-ms="12823">
      <class name="pizzahutscript.PizzaHut">
        <test-method is-config="true" signature="initialize()[pri:0, instance:pizzahutscript.PizzaHut@3fed2870]" started-at="2024-12-24T14:47:41 IST" name="initialize" finished-at="2024-12-24T14:47:43 IST" duration-ms="1843" status="PASS">
          <reporter-output>
          </reporter-output>
        </test-method> <!-- initialize -->
        <test-method signature="locationSelection()[pri:1, instance:pizzahutscript.PizzaHut@3fed2870]" started-at="2024-12-24T14:47:43 IST" name="locationSelection" finished-at="2024-12-24T14:47:54 IST" duration-ms="10712" status="PASS">
          <reporter-output>
          </reporter-output>
        </test-method> <!-- locationSelection -->
        <test-method is-config="true" signature="teardown()[pri:0, instance:pizzahutscript.PizzaHut@3fed2870]" started-at="2024-12-24T14:47:54 IST" name="teardown" finished-at="2024-12-24T14:47:54 IST" duration-ms="211" status="PASS">
          <reporter-output>
          </reporter-output>
        </test-method> <!-- teardown -->
      </class> <!-- pizzahutscript.PizzaHut -->
    </test> <!-- PizzaHut -->
  </suite> <!-- pizzahutsuite -->
</testng-results>
