<?xml version="1.0" encoding="UTF-8"?>
<testng-results ignored="0" total="3" passed="3" failed="0" skipped="0">
  <reporter-output>
  </reporter-output>
  <suite started-at="2024-05-14T19:32:29 IST" name="pizzahutsuite" finished-at="2024-05-14T19:33:09 IST" duration-ms="40880">
    <groups>
    </groups>
    <test started-at="2024-05-14T19:32:29 IST" name="PizzaHut" finished-at="2024-05-14T19:33:09 IST" duration-ms="40880">
      <class name="pizzahutscript.PizzaHut">
        <test-method is-config="true" signature="initialize()[pri:0, instance:pizzahutscript.PizzaHut@57ac5227]" started-at="2024-05-14T19:32:29 IST" name="initialize" finished-at="2024-05-14T19:32:31 IST" duration-ms="2450" status="PASS">
          <reporter-output>
          </reporter-output>
        </test-method> <!-- initialize -->
        <test-method signature="locationSelection()[pri:1, instance:pizzahutscript.PizzaHut@57ac5227]" started-at="2024-05-14T19:32:31 IST" name="locationSelection" finished-at="2024-05-14T19:33:02 IST" duration-ms="31388" status="PASS">
          <reporter-output>
          </reporter-output>
        </test-method> <!-- locationSelection -->
        <test-method signature="addCart()[pri:2, instance:pizzahutscript.PizzaHut@57ac5227]" started-at="2024-05-14T19:33:02 IST" name="addCart" finished-at="2024-05-14T19:33:05 IST" duration-ms="2677" status="PASS">
          <reporter-output>
          </reporter-output>
        </test-method> <!-- addCart -->
        <test-method signature="checkout()[pri:3, instance:pizzahutscript.PizzaHut@57ac5227]" started-at="2024-05-14T19:33:05 IST" name="checkout" finished-at="2024-05-14T19:33:09 IST" duration-ms="4147" status="PASS">
          <reporter-output>
          </reporter-output>
        </test-method> <!-- checkout -->
        <test-method is-config="true" signature="teardown()[pri:0, instance:pizzahutscript.PizzaHut@57ac5227]" started-at="2024-05-14T19:33:09 IST" name="teardown" finished-at="2024-05-14T19:33:09 IST" duration-ms="157" status="PASS">
          <reporter-output>
          </reporter-output>
        </test-method> <!-- teardown -->
      </class> <!-- pizzahutscript.PizzaHut -->
    </test> <!-- PizzaHut -->
  </suite> <!-- pizzahutsuite -->
</testng-results>
