<?xml version="1.0" encoding="UTF-8"?>
<testng-results ignored="0" total="3" passed="3" failed="0" skipped="0">
  <reporter-output>
  </reporter-output>
  <suite started-at="2024-05-09T14:35:43 IST" name="Default suite" finished-at="2024-05-09T14:36:25 IST" duration-ms="41738">
    <groups>
    </groups>
    <test started-at="2024-05-09T14:35:43 IST" name="Default test" finished-at="2024-05-09T14:36:25 IST" duration-ms="41738">
      <class name="pizzahutscript.PizzaHut">
        <test-method is-config="true" signature="initialize()[pri:0, instance:pizzahutscript.PizzaHut@4351c8c3]" started-at="2024-05-09T14:35:43 IST" name="initialize" finished-at="2024-05-09T14:35:46 IST" duration-ms="2543" status="PASS">
          <reporter-output>
          </reporter-output>
        </test-method> <!-- initialize -->
        <test-method signature="locationSelection()[pri:1, instance:pizzahutscript.PizzaHut@4351c8c3]" started-at="2024-05-09T14:35:46 IST" name="locationSelection" finished-at="2024-05-09T14:36:19 IST" duration-ms="33076" status="PASS">
          <reporter-output>
          </reporter-output>
        </test-method> <!-- locationSelection -->
        <test-method signature="addCart()[pri:2, instance:pizzahutscript.PizzaHut@4351c8c3]" started-at="2024-05-09T14:36:19 IST" name="addCart" finished-at="2024-05-09T14:36:23 IST" duration-ms="3980" status="PASS">
          <reporter-output>
          </reporter-output>
        </test-method> <!-- addCart -->
        <test-method signature="checkout()[pri:3, instance:pizzahutscript.PizzaHut@4351c8c3]" started-at="2024-05-09T14:36:23 IST" name="checkout" finished-at="2024-05-09T14:36:25 IST" duration-ms="2061" status="PASS">
          <reporter-output>
          </reporter-output>
        </test-method> <!-- checkout -->
      </class> <!-- pizzahutscript.PizzaHut -->
    </test> <!-- Default test -->
  </suite> <!-- Default suite -->
</testng-results>
