<?xml version="1.0" encoding="UTF-8"?>
<!-- Generated by org.testng.reporters.JUnitXMLReporter -->
<testsuite ignored="0" hostname="VIGNESH" failures="0" tests="3" name="PizzaHut" time="40.88" errors="0" timestamp="2024-05-14T19:33:09 IST">
  <testcase classname="pizzahutscript.PizzaHut" name="locationSelection" time="31.388"/>
  <testcase classname="pizzahutscript.PizzaHut" name="addCart" time="2.677"/>
  <testcase classname="pizzahutscript.PizzaHut" name="checkout" time="4.147"/>
</testsuite> <!-- PizzaHut -->
